Bioconductor version '3.14' is out-of-date; the current release version '3.16'
  is available with R version '4.2'; see https://bioconductor.org/install
Bioconductor version 3.14 (BiocManager 1.30.18), R 4.1.3 (2022-03-10)
Old packages: 'BiocManager', 'bit', 'boot', 'broom', 'bslib', 'callr', 'cli',
  'covr', 'cpp11', 'crayon', 'curl', 'data.table', 'dbplyr', 'desc', 'digest',
  'dplyr', 'e1071', 'evaluate', 'foreign', 'gargle', 'ggbeeswarm', 'ggplot2',
  'ggrepel', 'gtable', 'gtools', 'haven', 'highr', 'htmltools', 'isoband',
  'jsonlite', 'knitr', 'lifecycle', 'lubridate', 'Matrix', 'mgcv', 'mixtools',
  'modelr', 'nlme', 'nnet', 'openssl', 'pkgload', 'plyr', 'processx', 'ps',
  'purrr', 'readr', 'rlang', 'rmarkdown', 'rpart', 'rstudioapi', 'R.utils',
  'sass', 'segmented', 'stringi', 'stringr', 'survival', 'sys', 'testthat',
  'tidyr', 'tidyselect', 'tinytex', 'vctrs', 'vroom', 'xfun', 'yaml'
Warning message:
package(s) not installed when version(s) same as current; use `force = TRUE` to
  re-install: 'dorothea' 

Attaching package: ‘dplyr’

The following objects are masked from ‘package:stats’:

    filter, lag

The following objects are masked from ‘package:base’:

    intersect, setdiff, setequal, union

regulon activities
[1] "/nobackup/users/schaferd/ae_project_data/hdf_gene_expression_data/train_tf_agg_data_gene_id.viper_pred.csv"
